2017-04-25 18:44:29,502 - os.name - Windows 10
2017-04-25 18:44:29,502 - os.arch - amd64
2017-04-25 18:44:29,503 - os.version - 10.0
2017-04-25 18:44:29,503 - java.version - 1.8.0_131
2017-04-25 18:44:29,503 - java.vendor - Oracle Corporation
2017-04-25 18:44:29,503 - java.vendor.url - http://java.oracle.com/
2017-04-25 18:44:29,503 - java.home - C:\Program Files\Java\jre1.8.0_131
2017-04-25 18:44:29,503 - java.vm.specification.name - Java Virtual Machine Specification
2017-04-25 18:44:29,503 - java.vm.specification.vendor - Oracle Corporation
2017-04-25 18:44:29,503 - java.vm.specification.version - 1.8
2017-04-25 18:44:29,504 - java.class.path - C:\Users\Rafael02\eclipse\jee-mars\eclipse\\../../../.p2/pool/plugins/org.eclipse.equinox.launcher_1.3.100.v20150511-1540.jar
2017-04-25 18:44:29,504 - java.library.path - C:\Users\Rafael02\eclipse\jee-mars\eclipse;C:\WINDOWS\Sun\Java\bin;C:\WINDOWS\system32;C:\WINDOWS;C:/Program Files/Java/jre1.8.0_131/bin/server;C:/Program Files/Java/jre1.8.0_131/bin;C:/Program Files/Java/jre1.8.0_131/lib/amd64;C:\Program Files (x86)\Common Files\Intel\Shared Files\cpp\bin\Intel64;C:\ProgramData\Oracle\Java\javapath;C:\Program Files (x86)\Intel\iCLS Client\;C:\Program Files\Intel\iCLS Client\;C:\WINDOWS\system32;C:\WINDOWS;C:\WINDOWS\System32\Wbem;C:\WINDOWS\System32\WindowsPowerShell\v1.0\;C:\Program Files (x86)\Intel\OpenCL SDK\2.0\bin\x86;C:\Program Files (x86)\Intel\OpenCL SDK\2.0\bin\x64;%JAVA_HOME%\bin;C:\WINDOWS\system32\config\systemprofile\.dnx\bin;C:\Program Files\Microsoft DNX\Dnvm\;C:\Program Files (x86)\Windows Live\Shared;C:\Program Files\Microsoft SQL Server\130\Tools\Binn\;C:\Program Files (x86)\Windows Kits\10\Windows Performance Toolkit\;C:\Program Files\Git\cmd;C:\Program Files\nodejs\;C:\Program Files (x86)\Brackets\command;C:\Program Files (x86)\Lua\5.1;C:\Program Files (x86)\Lua\5.1\clibs;C:\php;C:\ProgramData\ComposerSetup\bin;C:\Program Files (x86)\GtkSharp\2.12\bin;C:\Program Files (x86)\Skype\Phone\;C:\Users\Rafael02\AppData\Roaming\npm;C:\Users\Rafael02\AppData\Local\Microsoft\WindowsApps;C:\Program Files\Java\jdk1.8.0_111\bin;C:\Users\Rafael02\AppData\Roaming\Composer\vendor\bin;C:\Program Files (x86)\Microsoft VS Code\bin;C:\Program Files (x86)\CMake 2.6\bin;C:\Users\Rafael02\Desktop;;.
2017-04-25 18:44:29,504 - --------------------------------------
2017-04-25 18:44:29,505 - ## Eclipse Plug-ins Log Information ##
2017-04-25 18:44:29,505 - --------------------------------------
2017-04-25 18:44:30,486 - javax.el - 2.2.0.v201303151357
2017-04-25 18:44:30,490 - javax.servlet - 3.1.0.v201410161800
2017-04-25 18:44:30,492 - javax.servlet.jsp - 2.2.0.v201112011158
2017-04-25 18:44:30,494 - com.sun.el - 2.2.0.v201303151357
2017-04-25 18:44:30,753 - org.apache.commons.logging - 1.1.1.v201101211721
2017-04-25 18:44:31,027 - org.apache.jasper.glassfish - 2.2.2.v201501141630
2017-04-25 18:44:31,031 - org.apache.lucene.analysis - 3.5.0.v20120725-1805
2017-04-25 18:44:31,033 - org.apache.lucene.core - 3.5.0.v20120725-1805
2017-04-25 18:44:31,034 - org.eclipse.equinox.http.jetty - 3.1.1.v20150818-2108
2017-04-25 18:44:31,034 - org.eclipse.equinox.http.registry - 1.1.300.v20130402-1529
2017-04-25 18:44:31,071 - org.eclipse.equinox.http.servlet - 1.2.1.v20150828-1818
2017-04-25 18:44:31,073 - org.eclipse.equinox.jsp.jasper - 1.0.500.v20150119-1358
2017-04-25 18:44:31,074 - org.eclipse.equinox.jsp.jasper.registry - 1.0.300.v20130327-1442
2017-04-25 18:44:31,074 - org.eclipse.help.base - 4.0.300.v20150904-0015
2017-04-25 18:44:31,074 - org.eclipse.help.ui - 4.0.100.v20140401-0608
2017-04-25 18:44:31,074 - org.eclipse.help.webapp - 3.7.0.v20150425-0643
2017-04-25 18:44:31,076 - org.eclipse.jetty.continuation - 9.2.13.v20150730
2017-04-25 18:44:31,184 - org.eclipse.jetty.http - 9.2.13.v20150730
2017-04-25 18:44:31,187 - org.eclipse.jetty.io - 9.2.13.v20150730
2017-04-25 18:44:31,189 - org.eclipse.jetty.security - 9.2.13.v20150730
2017-04-25 18:44:31,192 - org.eclipse.jetty.server - 9.2.13.v20150730
2017-04-25 18:44:31,395 - org.eclipse.jetty.servlet - 9.2.13.v20150730
2017-04-25 18:44:31,398 - org.eclipse.jetty.util - 9.2.13.v20150730
2017-04-25 18:44:31,399 - org.eclipse.core.net - 1.2.300.v20141118-1725
2017-04-25 18:44:31,399 - org.eclipse.equinox.security - 1.2.100.v20150423-1356
2017-04-25 18:44:32,085 - org.eclipse.andmore.hierarchyviewer - 0.5.0.201512151015
2017-04-25 18:44:32,448 - org.eclipse.mylyn.bugzilla.core - 3.18.0.v20151009-2340
2017-04-25 18:44:32,448 - org.eclipse.mylyn.bugzilla.ui - 3.18.0.v20151009-2340
2017-04-25 18:44:32,973 - org.eclipse.sequoyah.device.backward - 2.1.0.N20120718-0509
2017-04-25 18:44:32,973 - org.eclipse.sequoyah.device.framework - 2.1.0.N20120718-0509
2017-04-25 18:44:32,974 - org.eclipse.sequoyah.device.framework.ui - 2.1.0.N20120718-0509
2017-04-25 18:44:32,974 - org.eclipse.sequoyah.device.service.start - 2.1.0.N20120718-0509
2017-04-25 18:44:32,974 - org.eclipse.sequoyah.device.service.stop - 2.1.0.N20120718-0509
2017-04-25 18:44:32,974 - org.eclipse.sequoyah.device.framework.wizard - 2.1.0.N20120718-0509
2017-04-25 18:44:33,286 - org.eclipse.egit.core - 4.0.3.201509231615-r
2017-04-25 18:44:33,286 - org.eclipse.egit.ui - 4.0.3.201509231615-r
2017-04-25 18:44:33,287 - org.eclipse.egit - 4.0.3.201509231615-r
2017-04-25 18:44:33,287 - org.eclipse.egit.doc - 4.0.3.201509231615-r
2017-04-25 18:44:33,662 - org.eclipse.mylyn.tasks.core - 3.18.0.v20151202-0115
2017-04-25 18:44:33,664 - org.eclipse.mylyn.tasks.index.core - 3.18.0.v20151012-1647
2017-04-25 18:44:33,664 - org.eclipse.mylyn.tasks.index.ui - 3.18.0.v20151009-2340
2017-04-25 18:44:33,664 - org.eclipse.mylyn.tasks.search - 3.18.0.v20151009-2340
2017-04-25 18:44:33,664 - org.eclipse.mylyn.tasks.ui - 3.18.0.v20151211-2235
2017-04-25 18:44:33,808 - org.eclipse.jpt.dbws.eclipselink.ui - 1.1.101.v201501152048
2017-04-25 18:44:33,810 - org.eclipse.jpt.dbws.eclipselink.core.gen - 1.1.100.v201308132122
2017-04-25 18:44:33,813 - javax.wsdl - 1.6.2.v201012040545
2017-04-25 18:44:33,814 - org.eclipse.persistence.dbws - 2.6.0.v20140809-296a69f
2017-04-25 18:44:33,816 - org.eclipse.persistence.dbws.builder - 2.6.0.v20140809-296a69f
2017-04-25 18:44:33,816 - org.eclipse.jpt.dbws.eclipselink.branding - 1.2.100.v201309202144
2017-04-25 18:44:34,299 - org.eclipse.aether.maven - 3.1.0.v20140706-2237
2017-04-25 18:44:35,163 - org.eclipse.gef - 3.10.1.201508170204
2017-04-25 18:44:35,733 - org.eclipse.mylyn.commons.identity.core - 1.10.0.v20151009-1724
2017-04-25 18:44:36,112 - javax.persistence - 2.1.0.v201304241213
2017-04-25 18:44:36,114 - org.eclipse.jpt.jpa.annotate - 1.0.100.v201309261652
2017-04-25 18:44:36,114 - org.eclipse.jpt.jpa.core - 3.4.0.v201312052110
2017-04-25 18:44:36,114 - org.eclipse.jpt.jpa.db - 2.2.100.v201311150251
2017-04-25 18:44:36,300 - org.eclipse.jpt.jpa.db.ui - 2.1.100.v201309202144
2017-04-25 18:44:36,302 - org.eclipse.jpt.jpa.gen - 2.3.100.v201309061349
2017-04-25 18:44:36,302 - org.eclipse.jpt.jpa.ui - 3.4.0.v201312022017
2017-04-25 18:44:36,303 - org.eclipse.jpt.doc.user - 3.2.100.v201308231650
2017-04-25 18:44:36,305 - org.eclipse.persistence.jpa.jpql - 2.6.0.v20140809-296a69f
2017-04-25 18:44:36,307 - org.apache.commons.collections - 3.2.0.v2013030210310
2017-04-25 18:44:36,308 - org.apache.commons.lang - 2.6.0.v201404270220
2017-04-25 18:44:36,310 - org.apache.velocity - 1.5.0.v200905192330
2017-04-25 18:44:36,311 - org.jdom - 1.1.1.v201101151400
2017-04-25 18:44:36,312 - org.eclipse.jpt.jpa.branding - 3.4.0.v201309202144
2017-04-25 18:44:36,856 - org.eclipse.oomph.p2 - 1.3.0.v20151126-1331
2017-04-25 18:44:36,856 - org.eclipse.oomph.p2.core - 1.3.0.v20151220-0948
2017-04-25 18:44:36,856 - org.eclipse.oomph.p2.edit - 1.3.0.v20151126-1331
2017-04-25 18:44:36,857 - org.eclipse.oomph.p2.ui - 1.3.0.v20151219-1407
2017-04-25 18:44:36,857 - org.eclipse.oomph.p2.doc - 1.3.0.v20150923-0945
2017-04-25 18:44:37,444 - org.eclipse.tm.terminal.view.core - 4.0.0.201505101440
2017-04-25 18:44:37,444 - org.eclipse.tm.terminal.view.ui - 4.0.0.201506031417
2017-04-25 18:44:38,023 - org.eclipse.emf.codegen.ui - 2.6.0.v20160208-0841
2017-04-25 18:44:38,406 - org.eclipse.datatools.enablement.sqlite - 1.0.0.v201002041100
2017-04-25 18:44:38,406 - org.eclipse.datatools.enablement.sqlite.dbdefinition - 1.0.2.v201206010441
2017-04-25 18:44:38,406 - org.eclipse.datatools.enablement.sqlite.ui - 1.0.0.v201107221507
2017-04-25 18:44:38,406 - org.eclipse.datatools.enablement.finfo - 1.5.1.v200906161800
2017-04-25 18:44:38,810 - org.eclipse.mylyn.commons.notifications.core - 1.10.0.v20151009-1724
2017-04-25 18:44:38,812 - org.eclipse.mylyn.commons.notifications.feed - 1.10.0.v20151009-1724
2017-04-25 18:44:38,812 - org.eclipse.mylyn.commons.notifications.ui - 1.10.0.v20151102-1814
2017-04-25 18:44:39,254 - org.eclipse.emf.converter - 2.7.0.v20160208-0841
2017-04-25 18:44:39,255 - org.eclipse.emf.importer - 2.9.0.v20160208-0841
2017-04-25 18:44:39,255 - org.eclipse.emf.exporter - 2.7.0.v20160208-0841
2017-04-25 18:44:39,255 - org.eclipse.emf.importer.ecore - 2.8.0.v20160208-0841
2017-04-25 18:44:39,255 - org.eclipse.emf.importer.java - 2.7.0.v20160208-0841
2017-04-25 18:44:39,255 - org.eclipse.emf.importer.rose - 2.8.0.v20160208-0841
2017-04-25 18:44:39,563 - org.eclipse.recommenders.rcp - 2.2.4.v20150914-0857
2017-04-25 18:44:39,565 - org.eclipse.recommenders.apidocs - 2.2.4.v20150914-0857
2017-04-25 18:44:39,565 - org.eclipse.recommenders.apidocs.rcp - 2.2.4.v20150914-0857
2017-04-25 18:44:39,567 - org.eclipse.recommenders.calls - 2.2.4.v20150914-0857
2017-04-25 18:44:39,567 - org.eclipse.recommenders.calls.rcp - 2.2.4.v20150914-0857
2017-04-25 18:44:39,567 - org.eclipse.recommenders.chain.rcp - 2.2.4.v20150914-0857
2017-04-25 18:44:39,567 - org.eclipse.recommenders.completion.rcp - 2.2.4.v20150914-0857
2017-04-25 18:44:39,568 - org.eclipse.recommenders.constructors - 2.2.4.v20150914-0857
2017-04-25 18:44:39,569 - org.eclipse.recommenders.constructors.rcp - 2.2.4.v20150914-0857
2017-04-25 18:44:39,570 - org.eclipse.recommenders.coordinates - 2.2.4.v20150914-0857
2017-04-25 18:44:39,570 - org.eclipse.recommenders.coordinates.rcp - 2.2.4.v20150914-0857
2017-04-25 18:44:39,571 - org.eclipse.recommenders.injection - 2.2.4.v20150914-0857
2017-04-25 18:44:39,572 - org.eclipse.recommenders.jayes - 2.2.4.v20150914-0857
2017-04-25 18:44:39,574 - org.eclipse.recommenders.jayes.io - 2.2.4.v20150914-0857
2017-04-25 18:44:39,577 - org.eclipse.recommenders.jdt - 2.2.4.v20150914-0857
2017-04-25 18:44:39,579 - org.eclipse.recommenders.models - 2.2.4.v20150914-0857
2017-04-25 18:44:39,579 - org.eclipse.recommenders.models.rcp - 2.2.4.v20150914-0857
2017-04-25 18:44:39,581 - org.eclipse.recommenders.net - 2.2.4.v20150914-0857
2017-04-25 18:44:39,583 - org.eclipse.recommenders.overrides - 2.2.4.v20150914-0857
2017-04-25 18:44:39,583 - org.eclipse.recommenders.overrides.rcp - 2.2.4.v20150914-0857
2017-04-25 18:44:39,583 - org.eclipse.recommenders.subwords.rcp - 2.2.4.v20150914-0857
2017-04-25 18:44:39,583 - org.eclipse.recommenders.types.rcp - 2.2.4.v20150914-0857
2017-04-25 18:44:39,585 - org.eclipse.recommenders.utils - 2.2.4.v20150914-0857
2017-04-25 18:44:39,585 - org.eclipse.recommenders.utils.rcp - 2.2.4.v20150914-0857
2017-04-25 18:44:40,375 - org.eclipse.datatools.enablement.postgresql.dbdefinition - 1.0.2.v201110070445
2017-04-25 18:44:40,375 - org.eclipse.datatools.enablement.postgresql - 1.1.1.v201205252207
2017-04-25 18:44:40,375 - org.eclipse.datatools.enablement.postgresql.ui - 1.0.0.v201107221506
2017-04-25 18:44:40,375 - org.eclipse.datatools.enablement.finfo - 1.5.1.v200906161800
2017-04-25 18:44:41,030 - org.eclipse.datatools.enablement.oda.ws.ui - 1.2.6.v201403131825
2017-04-25 18:44:41,030 - org.eclipse.datatools.enablement.oda.xml.ui - 1.2.7.v201403131825
2017-04-25 18:44:41,030 - org.eclipse.datatools.connectivity.oda.flatfile.ui - 3.1.9.v201403131825
2017-04-25 18:44:41,783 - org.eclipse.datatools.connectivity.oda.design.ui - 3.2.9.v201403131814
2017-04-25 18:44:41,783 - org.eclipse.datatools.connectivity.ui.dse - 1.1.5.v201212070447
2017-04-25 18:44:41,784 - org.eclipse.datatools.connectivity.ui - 1.2.4.v201212070447
2017-04-25 18:44:41,784 - org.eclipse.datatools.connectivity.sqm.core - 1.2.8.v201401230755
2017-04-25 18:44:41,784 - org.eclipse.datatools.help - 1.5.0.v200906020553
2017-04-25 18:44:42,262 - org.eclipse.php.core - 3.5.0.201506101710
2017-04-25 18:44:42,263 - org.eclipse.php.debug.core - 3.5.0.201506101710
2017-04-25 18:44:42,263 - org.eclipse.php.debug.ui - 3.5.0.201506101710
2017-04-25 18:44:42,263 - org.eclipse.php.server.core - 3.5.0.201506101710
2017-04-25 18:44:42,263 - org.eclipse.php.server.ui - 3.5.0.201506101710
2017-04-25 18:44:42,263 - org.eclipse.php.ui - 3.5.0.201506101710
2017-04-25 18:44:42,263 - org.eclipse.php.debug.daemon - 3.5.0.201506101710
2017-04-25 18:44:42,264 - org.eclipse.php.help - 3.5.0.201506101710
2017-04-25 18:44:42,266 - org.eclipse.php.core.parser - 3.5.0.201506101710
2017-04-25 18:44:42,266 - org.eclipse.php.formatter.core - 3.5.0.201506101710
2017-04-25 18:44:42,266 - org.eclipse.php.formatter.ui - 3.5.0.201506101710
2017-04-25 18:44:42,267 - org.eclipse.php.refactoring.core - 3.5.0.201506101710
2017-04-25 18:44:42,268 - org.eclipse.php.refactoring.ui - 3.5.0.201506101710
2017-04-25 18:44:42,889 - org.eclipse.m2e.wtp.jsf - 1.2.1.20150819-2220
2017-04-25 18:44:43,268 - org.eclipse.datatools.connectivity.db.generic - 1.0.1.v201107221459
2017-04-25 18:44:43,268 - org.eclipse.datatools.connectivity.db.generic.ui - 1.0.2.v201211200622
2017-04-25 18:44:43,269 - org.eclipse.datatools.connectivity.dbdefinition.genericJDBC - 1.0.2.v201310181001
2017-04-25 18:44:43,492 - org.eclipse.emf.mapping - 2.9.0.v20160208-0841
2017-04-25 18:44:43,814 - org.eclipse.wst.common.project.facet.core - 1.4.300.v201111030423
2017-04-25 18:44:43,815 - org.eclipse.wst.common.project.facet.ui - 1.4.600.v201505072140
2017-04-25 18:44:44,329 - org.eclipse.emf.ecore - 2.11.2.v20160208-0816
2017-04-25 18:44:44,329 - org.eclipse.emf.ecore.change - 2.11.0.v20160208-0816
2017-04-25 18:44:44,329 - org.eclipse.emf.ecore.xmi - 2.11.1.v20160208-0816
2017-04-25 18:44:44,572 - org.eclipse.datatools.intro - 1.7.0.v201005281800
2017-04-25 18:44:44,776 - org.eclipse.php.mylyn.ui - 3.5.0.201506101710
2017-04-25 18:44:45,067 - org.eclipse.jst.common.project.facet.core - 1.4.400.v201403261418
2017-04-25 18:44:45,068 - org.eclipse.jst.common.project.facet.ui - 1.4.510.v201501141810
2017-04-25 18:44:45,546 - org.eclipse.jgit - 4.0.3.201509231615-r
2017-04-25 18:44:45,549 - org.eclipse.jgit.archive - 4.0.3.201509231615-r
2017-04-25 18:44:45,550 - com.jcraft.jsch - 0.1.53.v201508180515
2017-04-25 18:44:45,553 - javaewah - 0.7.9.v201401101600
2017-04-25 18:44:45,558 - org.apache.commons.compress - 1.6.0.v201310281400
2017-04-25 18:44:45,562 - org.slf4j.api - 1.7.2.v20121108-1250
2017-04-25 18:44:45,562 - org.slf4j.impl.log4j12 - 1.7.2.v20131105-2200
2017-04-25 18:44:45,599 - org.apache.log4j - 1.2.15.v201012070815
2017-04-25 18:44:45,815 - org.eclipse.mylyn.wikitext.core - 2.6.0.v20150901-2143
2017-04-25 18:44:45,818 - org.eclipse.mylyn.wikitext.core.ant - 2.6.0.v20150625-2041
2017-04-25 18:44:45,821 - org.eclipse.mylyn.wikitext.core.osgi - 2.6.0.v20150901-2143
2017-04-25 18:44:45,821 - org.eclipse.mylyn.wikitext.textile.core - 2.6.0.v20150901-2143
2017-04-25 18:44:45,823 - org.eclipse.mylyn.wikitext.html.core - 2.6.0.v20150901-2143
2017-04-25 18:44:45,824 - org.eclipse.mylyn.wikitext.markdown.core - 2.6.0.v20150901-2143
2017-04-25 18:44:45,824 - org.eclipse.mylyn.wikitext.mediawiki.core - 2.6.0.v20150901-2143
2017-04-25 18:44:45,824 - org.eclipse.mylyn.wikitext.confluence.core - 2.6.0.v20150901-2143
2017-04-25 18:44:45,824 - org.eclipse.mylyn.wikitext.tracwiki.core - 2.6.0.v20150625-2041
2017-04-25 18:44:45,824 - org.eclipse.mylyn.wikitext.twiki.core - 2.6.0.v20150901-2143
2017-04-25 18:44:45,824 - org.eclipse.mylyn.wikitext.ui - 2.6.0.v20150901-2143
2017-04-25 18:44:45,824 - org.eclipse.mylyn.wikitext.help.ui - 2.6.0.v20150719-0819
2017-04-25 18:44:45,825 - org.eclipse.mylyn.wikitext.textile.ui - 2.6.0.v20150625-2041
2017-04-25 18:44:45,825 - org.eclipse.mylyn.wikitext.markdown.ui - 2.6.0.v20150625-2041
2017-04-25 18:44:45,825 - org.eclipse.mylyn.wikitext.mediawiki.ui - 2.6.0.v20150625-2041
2017-04-25 18:44:45,825 - org.eclipse.mylyn.wikitext.confluence.ui - 2.6.0.v20150625-2041
2017-04-25 18:44:45,826 - org.eclipse.mylyn.wikitext.tracwiki.ui - 2.6.0.v20150625-2041
2017-04-25 18:44:45,826 - org.eclipse.mylyn.wikitext.twiki.ui - 2.6.0.v20150625-2041
2017-04-25 18:44:45,826 - org.eclipse.mylyn.wikitext.tasks.ui - 2.6.0.v20150901-2143
2017-04-25 18:44:45,826 - org.eclipse.mylyn.wikitext.context.ui - 2.6.0.v20150625-2041
2017-04-25 18:44:46,300 - org.eclipse.jpt.jaxb.core - 1.4.1.v201501152041
2017-04-25 18:44:46,302 - org.eclipse.jpt.jaxb.core.schemagen - 1.1.100.v201309202144
2017-04-25 18:44:46,303 - org.eclipse.jpt.jaxb.ui - 1.5.0.v201308091549
2017-04-25 18:44:46,303 - org.eclipse.jpt.jaxb.branding - 1.4.0.v201309202144
2017-04-25 18:44:46,640 - org.eclipse.emf.mapping.ecore.editor - 2.6.0.v20160208-0841
2017-04-25 18:44:46,640 - org.eclipse.emf.mapping.ecore2ecore.editor - 2.7.0.v20160208-0841
2017-04-25 18:44:46,640 - org.eclipse.emf.mapping.ecore2xml.ui - 2.8.0.v20160208-0841
2017-04-25 18:44:47,186 - org.eclipse.datatools.enablement.finfo - 1.5.1.v200906161800
2017-04-25 18:44:47,186 - org.eclipse.datatools.sqltools.db.derby.ui - 1.0.0.v200906020900
2017-04-25 18:44:47,186 - org.eclipse.datatools.sqltools.db.generic.ui - 1.0.0.v200906020900
2017-04-25 18:44:47,920 - org.eclipse.datatools.enablement.jdt.classpath - 1.0.1.v201107221501
2017-04-25 18:44:48,142 - org.eclipse.mylyn.discovery.core - 3.18.0.v20151009-1724
2017-04-25 18:44:48,142 - org.eclipse.mylyn.discovery.ui - 3.18.0.v20151009-1724
2017-04-25 18:44:48,474 - org.eclipse.datatools.enablement.mysql.dbdefinition - 1.0.4.v201109022331
2017-04-25 18:44:48,474 - org.eclipse.datatools.enablement.mysql - 1.0.4.v201212120617
2017-04-25 18:44:48,474 - org.eclipse.datatools.enablement.mysql.ui - 1.0.0.v201109022331
2017-04-25 18:44:48,474 - org.eclipse.datatools.enablement.finfo - 1.5.1.v200906161800
2017-04-25 18:44:49,028 - org.eclipse.datatools.enablement.msft.sqlserver.dbdefinition - 1.0.1.v201201240505
2017-04-25 18:44:49,028 - org.eclipse.datatools.enablement.msft.sqlserver - 1.0.3.v201308161009
2017-04-25 18:44:49,028 - org.eclipse.datatools.enablement.msft.sqlserver.ui - 1.0.4.v201308031011
2017-04-25 18:44:49,028 - org.eclipse.datatools.enablement.finfo - 1.5.1.v200906161800
2017-04-25 18:44:49,399 - org.eclipse.m2e.wtp.jpa - 1.2.1.20150819-2224
2017-04-25 18:44:50,447 - org.eclipse.sequoyah.localization.android - 2.1.0.N20120718-0509
2017-04-25 18:44:50,447 - org.eclipse.sequoyah.localization.android.help - 2.1.1.N20120718-0509
2017-04-25 18:44:50,825 - org.eclipse.jst.ws.jaxws.core - 1.0.402.v201504272018
2017-04-25 18:44:50,825 - org.eclipse.jst.ws.jaxws.ui - 1.0.401.v201504291921
2017-04-25 18:44:50,827 - javax.xml.ws - 2.1.0.v200902101523
2017-04-25 18:44:50,829 - javax.jws - 2.0.0.v201005080400
2017-04-25 18:44:50,829 - org.eclipse.jst.ws.annotations.core - 1.2.200.v201311102023
2017-04-25 18:44:50,831 - javax.xml.stream - 1.0.1.v201004272200
2017-04-25 18:44:50,831 - org.eclipse.jst.ws.jaxb.core - 1.0.200.v201309232152
2017-04-25 18:44:50,831 - javax.wsdl - 1.6.2.v201012040545
2017-04-25 18:44:50,831 - org.jdom - 1.1.1.v201101151400
2017-04-25 18:44:51,455 - org.eclipse.datatools.connectivity.doc.user.contexts - 1.7.0.20090521092446
2017-04-25 18:44:51,456 - org.eclipse.datatools.connectivity.doc.user - 1.7.0.20090521092446
2017-04-25 18:44:51,624 - org.eclipse.mylyn.tasks.bugs - 3.18.0.v20151009-2340
2017-04-25 18:44:51,624 - org.eclipse.mylyn.help.ui - 3.18.0.v20151009-2340
2017-04-25 18:44:51,993 - org.eclipse.emf.edit - 2.11.1.v20160208-0841
2017-04-25 18:44:52,274 - org.eclipse.mylyn.commons.core - 3.18.0.v20151019-2227
2017-04-25 18:44:52,278 - org.eclipse.mylyn.commons.screenshots - 3.18.0.v20151009-1724
2017-04-25 18:44:52,279 - org.eclipse.mylyn.commons.ui - 3.18.0.v20151116-1930
2017-04-25 18:44:52,279 - org.eclipse.mylyn.commons.workbench - 3.18.0.v20151102-1813
2017-04-25 18:44:52,599 - org.eclipse.mylyn.bugzilla.ide - 3.18.0.v20151013-1847
2017-04-25 18:44:52,600 - org.eclipse.mylyn.ide.ui - 3.18.0.v20151013-1847
2017-04-25 18:44:53,081 - org.eclipse.emf.databinding.edit - 1.3.0.v20160208-0841
2017-04-25 18:44:53,444 - org.eclipse.dltk.core.index.sql - 5.4.0.201602110510
2017-04-25 18:44:53,444 - org.eclipse.dltk.core.index.sql.h2 - 5.4.0.201602110510
2017-04-25 18:44:53,445 - org.eclipse.dltk.core.index - 5.4.0.201602110510
2017-04-25 18:44:53,917 - org.eclipse.emf.codegen.ecore - 2.11.1.v20160208-0841
2017-04-25 18:44:53,917 - org.eclipse.emf.ant - 2.8.0.v20160208-0841
2017-04-25 18:44:56,487 - org.eclipse.m2e.archetype.common - 1.6.2.20150902-0001
2017-04-25 18:44:57,717 - org.eclipse.m2e.maven.indexer - 1.6.2.20150902-0001
2017-04-25 18:44:57,717 - org.eclipse.m2e.model.edit - 1.6.2.20150902-0002
2017-04-25 18:44:57,717 - org.eclipse.m2e.core - 1.6.2.20150902-0002
2017-04-25 18:44:57,717 - org.eclipse.m2e.launching - 1.6.2.20150902-0002
2017-04-25 18:44:57,718 - org.eclipse.m2e.workspace.cli - 0.3.1
2017-04-25 18:44:57,719 - org.eclipse.m2e.jdt - 1.6.2.20150902-0002
2017-04-25 18:44:57,719 - org.eclipse.m2e.editor - 1.6.2.20150902-0002
2017-04-25 18:44:57,719 - org.eclipse.m2e.editor.xml - 1.6.2.20150902-0002
2017-04-25 18:45:05,878 - org.eclipse.m2e.maven.runtime - 1.6.2.20150902-0001
2017-04-25 18:45:06,121 - org.eclipse.m2e.maven.runtime.slf4j.simple - 1.6.2.20150902-0001
2017-04-25 18:45:06,121 - org.eclipse.m2e.refactoring - 1.6.2.20150902-0002
2017-04-25 18:45:06,123 - org.eclipse.m2e.lifecyclemapping.defaults - 1.6.2.20150902-0002
2017-04-25 18:45:06,123 - org.eclipse.m2e.discovery - 1.6.2.20150902-0002
2017-04-25 18:45:06,123 - org.eclipse.m2e.core.ui - 1.6.2.20150902-0002
2017-04-25 18:45:06,123 - org.eclipse.m2e.scm - 1.6.2.20150902-0002
2017-04-25 18:45:06,123 - org.eclipse.m2e.jdt.ui - 1.6.2.20150902-0002
2017-04-25 18:45:06,123 - org.eclipse.m2e.profiles.core - 1.6.2.20150902-0002
2017-04-25 18:45:06,123 - org.eclipse.m2e.profiles.ui - 1.6.2.20150902-0002
2017-04-25 18:45:06,483 - org.eclipse.andmore.ndk - 0.5.0.201512151015
2017-04-25 18:45:07,748 - org.eclipse.datatools.connectivity.oda.consumer - 3.2.6.v201403131814
2017-04-25 18:45:07,748 - org.eclipse.datatools.connectivity.oda.design - 3.3.6.v201403131814
2017-04-25 18:45:07,748 - org.eclipse.datatools.connectivity.oda.profile - 3.2.9.v201403131814
2017-04-25 18:45:07,748 - org.eclipse.datatools.connectivity.oda - 3.4.3.v201405301249
2017-04-25 18:45:07,748 - org.eclipse.datatools.connectivity - 1.2.11.v201401230755
2017-04-25 18:45:08,106 - org.eclipse.sequoyah.localization.tools - 2.1.0.N20120718-0509
2017-04-25 18:45:08,106 - org.eclipse.sequoyah.localization.editor - 2.1.0.N20120718-0509
2017-04-25 18:45:08,497 - org.eclipse.mylyn.team.ui - 3.18.0.v20151120-2228
2017-04-25 18:45:08,796 - org.eclipse.emf.common.ui - 2.10.1.v20160208-0841
2017-04-25 18:45:09,014 - org.eclipse.sequoyah.device.common.utilities - 2.1.0.N20120718-0509
2017-04-25 18:45:09,239 - org.eclipse.emf.mapping.ui - 2.7.0.v20160208-0841
2017-04-25 18:45:09,425 - org.apache.commons.net - 3.2.0.v201305141515
2017-04-25 18:45:09,427 - org.eclipse.rse.connectorservice.telnet - 1.2.300.201505220524
2017-04-25 18:45:09,427 - org.eclipse.rse.services.telnet - 2.0.400.201403100950
2017-04-25 18:45:09,427 - org.eclipse.rse.subsystems.shells.telnet - 1.2.300.201403100950
2017-04-25 18:45:09,695 - org.eclipse.datatools.connectivity.oda.template.ui - 3.2.5.v201403131814
2017-04-25 18:45:09,992 - org.eclipse.datatools.enablement.ibm - 1.0.0.v201401170830
2017-04-25 18:45:10,078 - org.eclipse.datatools.enablement.ibm.db2 - 1.0.0.v201401170830
2017-04-25 18:45:10,078 - org.eclipse.datatools.enablement.ibm.db2.iseries.dbdefinition - 1.0.3.v201107221502
2017-04-25 18:45:10,078 - org.eclipse.datatools.enablement.ibm.db2.iseries - 1.0.2.v201107221502
2017-04-25 18:45:10,080 - org.eclipse.datatools.enablement.ibm.db2.iseries.ui - 1.0.3.v201212120614
2017-04-25 18:45:10,080 - org.eclipse.datatools.enablement.ibm.db2.luw.dbdefinition - 1.0.7.v201405302027
2017-04-25 18:45:10,080 - org.eclipse.datatools.enablement.ibm.db2.luw - 1.0.3.v201401170830
2017-04-25 18:45:10,080 - org.eclipse.datatools.enablement.ibm.db2.luw.ui - 1.0.6.v201402010752
2017-04-25 18:45:10,080 - org.eclipse.datatools.enablement.ibm.db2.zseries.dbdefinition - 1.0.4.v201107221502
2017-04-25 18:45:10,080 - org.eclipse.datatools.enablement.ibm.db2.zseries - 1.0.2.v201107221502
2017-04-25 18:45:10,080 - org.eclipse.datatools.enablement.ibm.db2.zseries.ui - 1.0.2.v201202100836
2017-04-25 18:45:10,081 - org.eclipse.datatools.enablement.ibm.informix.dbdefinition - 1.0.4.v201107221502
2017-04-25 18:45:10,081 - org.eclipse.datatools.enablement.ibm.informix - 1.0.1.v201107221502
2017-04-25 18:45:10,081 - org.eclipse.datatools.enablement.ibm.informix.ui - 1.0.3.v201202100836
2017-04-25 18:45:10,083 - org.eclipse.datatools.enablement.ibm.ui - 1.0.0.v201107221502
2017-04-25 18:45:10,258 - org.eclipse.rse.core - 3.3.100.201407181907
2017-04-25 18:45:10,258 - org.eclipse.rse.doc.user - 3.4.100.201403101646
2017-04-25 18:45:10,259 - org.eclipse.rse.efs - 2.1.401.201503171741
2017-04-25 18:45:10,259 - org.eclipse.rse.efs.ui - 2.1.400.201403100950
2017-04-25 18:45:10,259 - org.eclipse.rse.importexport - 1.2.300.201403100950
2017-04-25 18:45:10,259 - org.eclipse.rse.files.ui - 3.2.200.201502052140
2017-04-25 18:45:10,259 - org.eclipse.rse.processes.ui - 3.0.400.201403100950
2017-04-25 18:45:10,259 - org.eclipse.rse.services - 3.3.0.201403100950
2017-04-25 18:45:10,259 - org.eclipse.rse.shells.ui - 3.0.500.201403271554
2017-04-25 18:45:10,260 - org.eclipse.rse.subsystems.files.core - 3.3.1.201403100950
2017-04-25 18:45:10,262 - org.eclipse.rse.subsystems.processes.core - 3.1.300.201403100950
2017-04-25 18:45:10,262 - org.eclipse.rse.subsystems.processes.shell.linux - 1.1.400.201403100950
2017-04-25 18:45:10,264 - org.eclipse.rse.subsystems.shells.core - 3.1.300.201403271554
2017-04-25 18:45:10,264 - org.eclipse.rse.ui - 3.3.100.201503112018
2017-04-25 18:45:11,243 - org.eclipse.jpt.common.eclipselink.core - 1.3.100.v201308091549
2017-04-25 18:45:11,243 - org.eclipse.jpt.common.eclipselink.branding - 1.3.100.v201309202144
2017-04-25 18:45:12,528 - org.eclipse.datatools.connectivity.sqm.core.ui - 1.2.3.v201212070447
2017-04-25 18:45:12,528 - org.eclipse.datatools.connectivity.sqm.core - 1.2.8.v201401230755
2017-04-25 18:45:12,528 - org.eclipse.datatools.connectivity.sqm.server.ui - 1.1.101.v201212070447
2017-04-25 18:45:12,528 - org.eclipse.datatools.connectivity.ui.dse - 1.1.5.v201212070447
2017-04-25 18:45:12,528 - org.eclipse.datatools.connectivity.ui - 1.2.4.v201212070447
2017-04-25 18:45:12,528 - org.eclipse.datatools.connectivity - 1.2.11.v201401230755
2017-04-25 18:45:12,528 - org.eclipse.datatools.help - 1.5.0.v200906020553
2017-04-25 18:45:12,528 - org.eclipse.datatools.connectivity.console.profile - 1.0.10.v201109250955
2017-04-25 18:45:13,074 - org.eclipse.wst.jsdt.core - 1.3.401.v201511181529
2017-04-25 18:45:13,074 - org.eclipse.wst.jsdt.manipulation - 1.0.600.v201505071819
2017-04-25 18:45:13,074 - org.eclipse.wst.jsdt.ui - 1.1.601.v201512010225
2017-04-25 18:45:13,074 - org.eclipse.wst.jsdt.support.firefox - 1.0.500.v201402051800
2017-04-25 18:45:13,075 - org.eclipse.wst.jsdt.support.ie - 1.0.600.v201505071819
2017-04-25 18:45:13,075 - org.eclipse.wst.jsdt.doc - 1.4.101.v201507140011
2017-04-25 18:45:13,075 - org.eclipse.wst.jsdt.debug.core - 3.1.200.v201502261613
2017-04-25 18:45:13,138 - org.eclipse.wst.jsdt.debug.transport - 1.0.300.v201502261613
2017-04-25 18:45:13,138 - org.eclipse.wst.jsdt.debug.crossfire - 1.0.500.v201505071819
2017-04-25 18:45:13,138 - org.eclipse.wst.jsdt.debug.rhino - 1.0.400.v201503300052
2017-04-25 18:45:13,160 - org.eclipse.wst.jsdt.debug.rhino.debugger - 1.0.500.v201503300052
2017-04-25 18:45:13,160 - org.eclipse.wst.jsdt.debug.ui - 1.0.500.v201502261613
2017-04-25 18:45:13,162 - org.mozilla.javascript - 1.7.4.v201504221540
2017-04-25 18:45:14,828 - org.eclipse.datatools.common.doc.user - 1.7.0.20090521092446
2017-04-25 18:45:15,779 - org.eclipse.wst.jsdt.web.core - 1.0.800.v201505130300
2017-04-25 18:45:15,780 - org.eclipse.wst.jsdt.web.ui - 1.0.800.v201403271809
2017-04-25 18:45:15,780 - org.eclipse.wst.html.ui.infopop - 1.0.201.v201409111852
2017-04-25 18:45:15,780 - org.eclipse.wst.web.ui.infopop - 1.0.300.v200805140206
2017-04-25 18:45:15,780 - org.eclipse.wst.css.ui - 1.0.901.v201501212057
2017-04-25 18:45:15,780 - org.eclipse.wst.html.ui - 1.0.1000.v201505130300
2017-04-25 18:45:15,780 - org.eclipse.wst.web.ui - 1.1.600.v201302011850
2017-04-25 18:45:17,349 - org.eclipse.rse - 3.5.0.201403100950
2017-04-25 18:45:19,007 - org.eclipse.rse.services.local - 2.2.0.201502030655
2017-04-25 18:45:19,008 - org.eclipse.rse.subsystems.files.local - 2.1.300.201403251512
2017-04-25 18:45:19,008 - org.eclipse.rse.subsystems.processes.local - 2.1.400.201403100950
2017-04-25 18:45:19,008 - org.eclipse.rse.subsystems.shells.local - 2.1.400.201403100950
2017-04-25 18:45:19,009 - org.eclipse.rse.connectorservice.local - 2.1.400.201403100950
2017-04-25 18:45:19,318 - org.eclipse.datatools.enablement.hsqldb - 1.0.0.v201107221502
2017-04-25 18:45:19,318 - org.eclipse.datatools.enablement.hsqldb.dbdefinition - 1.0.0.v201107221502
2017-04-25 18:45:19,318 - org.eclipse.datatools.enablement.hsqldb.ui - 1.0.0.v201108120600
2017-04-25 18:45:19,318 - org.eclipse.datatools.enablement.finfo - 1.5.1.v200906161800
2017-04-25 18:45:20,454 - org.eclipse.datatools.sqltools.doc.user - 1.7.0.20090521092446
2017-04-25 18:45:20,454 - org.eclipse.datatools.sqltools.doc.user.contexts - 1.7.0.20090521092446
2017-04-25 18:45:20,727 - org.eclipse.m2e.wtp - 1.2.1.20150819-2220
2017-04-25 18:45:20,728 - org.eclipse.m2e.wtp.overlay - 1.2.1.20150819-2220
2017-04-25 18:45:20,728 - org.eclipse.m2e.wtp.overlay.ui - 1.2.1.20150819-2220
2017-04-25 18:45:21,262 - org.eclipse.jpt.common.utility - 2.3.0.v201311152020
2017-04-25 18:45:21,262 - org.eclipse.jpt.common.core - 1.4.0.v201308261915
2017-04-25 18:45:21,262 - org.eclipse.jpt.common.ui - 1.4.0.v201310111551
2017-04-25 18:45:21,262 - org.eclipse.jpt.common.branding - 1.4.0.v201309202144
2017-04-25 18:45:22,259 - org.eclipse.emf.edit.ui - 2.11.1.v20160208-0841
2017-04-25 18:45:22,799 - org.eclipse.help - 3.6.0.v20130326-1254
2017-04-25 18:45:22,799 - org.eclipse.ui - 3.107.0.v20150507-1945
2017-04-25 18:45:22,800 - org.eclipse.ui.workbench - 3.107.0.v20150825-2206
2017-04-25 18:45:22,801 - org.eclipse.update.configurator - 3.3.300.v20140518-1928
2017-04-25 18:45:22,801 - org.eclipse.rcp - 4.5.1.v20150904-0015
2017-04-25 18:45:23,327 - org.eclipse.persistence.moxy - 2.6.0.v20130815-a4708b6
2017-04-25 18:45:23,327 - org.eclipse.jpt.jaxb.eclipselink.core - 1.3.101.v201501171820
2017-04-25 18:45:23,327 - org.eclipse.jpt.jaxb.eclipselink.ui - 1.4.100.v201308271450
2017-04-25 18:45:23,329 - org.eclipse.jpt.jaxb.eclipselink.core.schemagen - 1.2.100.v201309202144
2017-04-25 18:45:23,329 - org.eclipse.jpt.jaxb.eclipselink.branding - 1.4.100.v201309202144
2017-04-25 18:45:23,859 - org.eclipse.datatools.connectivity.apache.derby.dbdefinition - 1.0.2.v201107221459
2017-04-25 18:45:23,859 - org.eclipse.datatools.connectivity.apache.derby.ui - 1.0.3.v201107221459
2017-04-25 18:45:23,859 - org.eclipse.datatools.connectivity.apache.derby - 1.0.103.v201212070447
2017-04-25 18:45:23,859 - org.eclipse.datatools.modelbase.derby - 1.0.0.v201107221519
2017-04-25 18:45:23,859 - org.eclipse.datatools.sqltools.db.derby - 1.0.0.v201107221520
2017-04-25 18:45:24,431 - org.eclipse.jdt - 3.11.1.v20150904-0015
2017-04-25 18:45:24,431 - org.eclipse.ant.ui - 3.6.100.v20150901-0506
2017-04-25 18:45:24,431 - org.eclipse.jdt.apt.core - 3.4.0.v20150518-1201
2017-04-25 18:45:24,431 - org.eclipse.jdt.apt.ui - 3.4.0.v20150423-0947
2017-04-25 18:45:24,431 - org.eclipse.jdt.apt.pluggable.core - 1.1.0.v20150423-0947
2017-04-25 18:45:24,437 - org.eclipse.jdt.compiler.apt - 1.2.0.v20150514-0146
2017-04-25 18:45:24,437 - org.eclipse.jdt.compiler.tool - 1.1.0.v20150513-2007
2017-04-25 18:45:24,437 - org.eclipse.jdt.core - 3.11.1.v20150902-1521
2017-04-25 18:45:24,473 - org.eclipse.jdt.annotation - 2.0.100.v20150311-1658
2017-04-25 18:45:24,473 - org.eclipse.jdt.annotation - 2.0.100.v20150311-1658
2017-04-25 18:45:24,474 - org.eclipse.jdt.core.manipulation - 1.5.100.v20141002-1241
2017-04-25 18:45:24,474 - org.eclipse.jdt.debug.ui - 3.7.0.v20150505-1916
2017-04-25 18:45:24,474 - org.eclipse.jdt.debug - 3.9.0.v20150528-1838
2017-04-25 18:45:24,474 - org.eclipse.jdt.junit - 3.8.0.v20150428-1340
2017-04-25 18:45:24,474 - org.eclipse.jdt.junit.core - 3.7.400.v20150423-0747
2017-04-25 18:45:24,477 - org.eclipse.jdt.junit.runtime - 3.4.500.v20140527-1138
2017-04-25 18:45:24,479 - org.eclipse.jdt.junit4.runtime - 1.1.500.v20150423-0747
2017-04-25 18:45:24,479 - org.eclipse.jdt.launching - 3.8.0.v20150527-0946
2017-04-25 18:45:24,479 - org.eclipse.jdt.ui - 3.11.1.v20150827-1306
2017-04-25 18:45:24,948 - org.junit - 4.12.0.v201504281640
2017-04-25 18:45:24,989 - org.hamcrest.core - 1.3.0.v201303031735
2017-04-25 18:45:24,989 - org.eclipse.jdt.doc.user - 3.11.1.v20150819-1130
2017-04-25 18:45:24,989 - org.eclipse.ant.launching - 1.1.100.v20150826-1124
2017-04-25 18:45:25,323 - org.eclipse.emf.common - 2.11.1.v20160208-0816
2017-04-25 18:45:25,542 - org.eclipse.sequoyah.vnc.vncviewer.vncviews - 2.1.0.N20120718-0509
2017-04-25 18:45:25,784 - org.eclipse.egit.mylyn.ui - 4.0.3.201509231615-r
2017-04-25 18:45:25,889 - org.eclipse.datatools.enablement.sybase.asa.models - 1.0.0.v201107221507
2017-04-25 18:45:25,889 - org.eclipse.datatools.enablement.sybase.ase.models - 1.0.1.v201010140307
2017-04-25 18:45:25,889 - org.eclipse.datatools.enablement.sybase.asa - 1.0.2.v201212120618
2017-04-25 18:45:25,889 - org.eclipse.datatools.enablement.sybase.ase - 1.0.3.v201212120618
2017-04-25 18:45:25,889 - org.eclipse.datatools.enablement.sybase.ase.dbdefinition - 1.0.0.v201107221507
2017-04-25 18:45:25,889 - org.eclipse.datatools.enablement.sybase.asa.dbdefinition - 1.0.0.v200906161800
2017-04-25 18:45:25,889 - org.eclipse.datatools.enablement.sybase.asa.ui - 1.0.1.v200906111204
2017-04-25 18:45:25,889 - org.eclipse.datatools.enablement.sybase.ase.ui - 1.0.1.v200906020900
2017-04-25 18:45:25,890 - org.eclipse.datatools.enablement.sybase - 1.0.1.v201107221507
2017-04-25 18:45:25,890 - org.eclipse.datatools.enablement.sybase.models - 1.0.0.v201010140307
2017-04-25 18:45:25,890 - org.eclipse.datatools.enablement.sybase.ui - 1.0.0.v200906090452
2017-04-25 18:45:25,890 - org.eclipse.datatools.enablement.sybase.asa.schemaobjecteditor.examples - 2.5.0.200810071
2017-04-25 18:45:26,369 - org.jdom - 1.1.1.v201101151400
2017-04-25 18:45:26,369 - org.eclipse.jst.ws.cxf.consumption.core - 1.0.300.v201309232152
2017-04-25 18:45:26,369 - org.eclipse.jst.ws.cxf.consumption.ui - 1.0.300.v201309232152
2017-04-25 18:45:26,370 - org.eclipse.jst.ws.cxf.core - 1.1.200.v201404292022
2017-04-25 18:45:26,372 - org.eclipse.jst.ws.cxf.creation.core - 1.0.401.v201408111743
2017-04-25 18:45:26,372 - org.eclipse.jst.ws.cxf.creation.ui - 1.0.300.v201403242125
2017-04-25 18:45:26,372 - org.eclipse.jst.ws.cxf.ui - 1.0.300.v201309232152
2017-04-25 18:45:26,372 - javax.wsdl - 1.6.2.v201012040545
2017-04-25 18:45:26,372 - javax.jws - 2.0.0.v201005080400
2017-04-25 18:45:26,373 - javax.xml.stream - 1.0.1.v201004272200
2017-04-25 18:45:26,373 - javax.xml.ws - 2.1.0.v200902101523
2017-04-25 18:45:26,667 - org.eclipse.datatools.sqltools.common.ui - 1.0.1.v201212120623
2017-04-25 18:45:26,667 - org.eclipse.datatools.sqltools.debugger.core - 1.0.1.v201107221520
2017-04-25 18:45:26,667 - org.eclipse.datatools.sqltools.editor.core - 1.0.3.v201212120623
2017-04-25 18:45:26,667 - org.eclipse.datatools.sqltools.plan - 1.0.0.v201107221520
2017-04-25 18:45:26,668 - org.eclipse.datatools.sqltools.routineeditor - 1.0.0.v201107221520
2017-04-25 18:45:26,670 - org.eclipse.datatools.sqltools.sql - 1.0.1.v201110050515
2017-04-25 18:45:26,670 - org.eclipse.datatools.sqltools.sqleditor - 1.0.4.v201212120623
2017-04-25 18:45:26,671 - org.eclipse.datatools.sqltools.sqlscrapbook - 1.0.2.v201205310922
2017-04-25 18:45:26,671 - org.eclipse.datatools.help - 1.5.0.v200906020553
2017-04-25 18:45:26,671 - org.eclipse.datatools.sqltools.db.generic - 1.0.0.v201107221520
2017-04-25 18:45:26,671 - org.eclipse.datatools.sqltools.debugger.core.ui - 1.0.0.v201003161000
2017-04-25 18:45:26,671 - org.eclipse.datatools.sqltools.editor.core.ui - 1.0.0.v201001150815
2017-04-25 18:45:26,671 - org.eclipse.datatools.sqltools.result.ui - 1.1.3.v201302061703
2017-04-25 18:45:26,671 - org.eclipse.datatools.sqltools.routineeditor.ui - 1.0.3.v201211200616
2017-04-25 18:45:26,672 - org.eclipse.datatools.sqltools.sql.ui - 1.0.1.v201201270735
2017-04-25 18:45:26,958 - org.objectweb.asm - 5.0.1.v201404251740
2017-04-25 18:45:26,958 - org.eclipse.andmore - 0.5.0.201512151015
2017-04-25 18:45:26,958 - org.eclipse.andmore.base - 0.5.0.201512151015
2017-04-25 18:45:26,958 - org.eclipse.andmore.ddms - 0.5.0.201512151015
2017-04-25 18:45:26,958 - overlay.org.eclipse.andmore.overlay - 0.5.0.201512151015
2017-04-25 18:45:27,230 - org.apache.commons.codec - 1.6.0.v201305230611
2017-04-25 18:45:27,230 - org.apache.commons.compress - 1.6.0.v201310281400
2017-04-25 18:45:27,293 - org.apache.httpcomponents.httpclient - 4.3.6.v201411290715
2017-04-25 18:45:27,376 - org.apache.httpcomponents.httpcore - 4.3.3.v201411290715
2017-04-25 18:45:27,645 - org.eclipse.datatools.modelbase.dbdefinition - 1.0.2.v201107221519
2017-04-25 18:45:27,645 - org.eclipse.datatools.modelbase.sql.edit - 1.0.2.v201208230744
2017-04-25 18:45:27,645 - org.eclipse.datatools.modelbase.sql.query - 1.1.4.v201212120619
2017-04-25 18:45:27,645 - org.eclipse.datatools.modelbase.sql.query.edit - 1.0.1.v201110151245
2017-04-25 18:45:27,646 - org.eclipse.datatools.modelbase.sql.xml.query - 1.0.2.v201201131123
2017-04-25 18:45:27,646 - org.eclipse.datatools.modelbase.sql - 1.0.6.v201208230744
2017-04-25 18:45:27,948 - org.eclipse.oomph.setup.editor - 1.3.0.v20151130-1151
2017-04-25 18:45:27,948 - org.eclipse.oomph.setup.ui - 1.3.0.v20151216-1216
2017-04-25 18:45:27,948 - org.eclipse.oomph.setup.doc - 1.3.0.v20150923-0945
2017-04-25 18:45:27,948 - org.eclipse.oomph.setup.ui.questionnaire - 1.3.0.v20151107-0711
2017-04-25 18:45:27,948 - org.eclipse.oomph.jreinfo.ui - 1.3.0.v20151021-1140
2017-04-25 18:45:28,388 - org.eclipse.wst.xsl.core - 1.1.301.v201405151730
2017-04-25 18:45:28,388 - org.eclipse.wst.xsl.debug.ui - 1.0.302.v201304240928
2017-04-25 18:45:28,388 - org.eclipse.wst.xsl.launching - 1.1.0.v201304240928
2017-04-25 18:45:28,388 - org.eclipse.wst.xsl.xalan - 1.0.100.v201208081544
2017-04-25 18:45:28,388 - org.eclipse.wst.xsl.ui - 1.1.301.v201304222136
2017-04-25 18:45:28,388 - org.eclipse.wst.xml.xpath.ui - 1.1.101.v201204252215
2017-04-25 18:45:28,969 - org.apache.xalan - 2.7.1.v201005080400
2017-04-25 18:45:28,969 - org.apache.commons.logging - 1.1.1.v201101211721
2017-04-25 18:45:28,969 - org.eclipse.wst.xsl.doc - 1.0.100.v201309251559
2017-04-25 18:45:28,969 - org.eclipse.wst.xml.xpath.core - 1.3.0.v201108312022
2017-04-25 18:45:29,123 - org.apache.xml.serializer - 2.7.1.v201005080400
2017-04-25 18:45:29,365 - org.apache.bcel - 5.2.0.v201005080400
2017-04-25 18:45:29,635 - java_cup.runtime - 0.10.0.v201005080400
2017-04-25 18:45:29,635 - org.eclipse.wst.xsl.saxon - 1.0.200.v201103081755
2017-04-25 18:45:29,635 - org.eclipse.wst.xsl - 1.2.0.v201309251559
2017-04-25 18:45:29,692 - org.eclipse.wst.xsl.jaxp.debug - 1.0.300.v201304102131
2017-04-25 18:45:29,692 - org.eclipse.wst.xsl.jaxp.debug.ui - 1.0.200.v201103081755
2017-04-25 18:45:29,692 - org.eclipse.wst.xsl.jaxp.launching - 1.0.300.v201304102131
2017-04-25 18:45:29,692 - org.apache.log4j - 1.2.15.v201012070815
2017-04-25 18:45:29,693 - org.eclipse.wst.xsl.exslt.core - 1.0.0.v201005240422
2017-04-25 18:45:29,693 - org.eclipse.wst.xsl.exslt.ui - 1.0.0.v201006012004
2017-04-25 18:45:30,113 - org.eclipse.rse.services.ssh - 3.2.100.201403281521
2017-04-25 18:45:30,113 - org.eclipse.rse.connectorservice.ssh - 2.1.300.201505220524
2017-04-25 18:45:30,113 - org.eclipse.rse.subsystems.files.ssh - 2.1.300.201403100950
2017-04-25 18:45:30,113 - org.eclipse.rse.subsystems.shells.ssh - 2.1.400.201403100950
2017-04-25 18:45:30,591 - org.eclipse.jst.ws - 1.0.750.v201503231435
2017-04-25 18:45:30,591 - org.eclipse.jst.j2ee.ui - 1.1.801.v201501141713
2017-04-25 18:45:30,591 - org.eclipse.jst.ws.axis.creation.ui - 1.0.850.v201505131719
2017-04-25 18:45:30,591 - org.eclipse.jst.ws.axis.consumption.ui - 1.0.800.v201505131719
2017-04-25 18:45:30,591 - org.eclipse.jst.j2ee.jca.ui - 1.1.500.v201304231803
2017-04-25 18:45:30,591 - org.eclipse.jst.j2ee.navigator.ui - 1.1.600.v201302011850
2017-04-25 18:45:30,591 - org.eclipse.jst.j2ee.webservice.ui - 1.1.500.v201302011850
2017-04-25 18:45:30,591 - org.eclipse.jst.ws.axis.consumption.core - 1.0.550.v201505131719
2017-04-25 18:45:30,591 - org.eclipse.jst.servlet.ui - 1.1.801.v201409042158
2017-04-25 18:45:30,591 - org.eclipse.jst.ws.ui - 1.0.500.v201505131719
2017-04-25 18:45:30,591 - org.eclipse.jst.ws.uddiregistry - 1.0.600.v201505131719
2017-04-25 18:45:30,591 - org.eclipse.jst.ws.creation.ui - 1.0.900.v201503111711
2017-04-25 18:45:30,592 - org.eclipse.jst.ws.consumption.ui - 1.1.800.v201504152025
2017-04-25 18:45:30,592 - org.eclipse.jst.ws.consumption - 1.0.800.v201505131719
2017-04-25 18:45:30,592 - org.eclipse.jst.j2ee.infopop - 1.0.300.v201309091923
2017-04-25 18:45:30,592 - org.eclipse.jst.jsp.ui.infopop - 1.0.200.v201309112106
2017-04-25 18:45:30,592 - org.eclipse.jst.servlet.ui.infopop - 1.0.500.v201105121947
2017-04-25 18:45:30,592 - org.eclipse.jst.ws.axis.infopop - 1.0.400.v201309242123
2017-04-25 18:45:30,592 - org.eclipse.jst.ws.consumption.infopop - 1.0.400.v201309242123
2017-04-25 18:45:30,592 - org.eclipse.jst.ws.infopop - 1.0.400.v201309242123
2017-04-25 18:45:30,592 - org.eclipse.jst.ws.creation.ejb.ui - 1.0.250.v201309242123
2017-04-25 18:45:30,592 - org.eclipse.jst.ejb.ui - 1.1.900.v201402130359
2017-04-25 18:45:30,592 - org.eclipse.jst.j2ee.ejb.annotations.ui - 1.1.200.v201004261420
2017-04-25 18:45:30,592 - org.eclipse.jst.j2ee.ejb.annotation.model - 1.1.300.v201004110730
2017-04-25 18:45:30,592 - org.eclipse.jst.j2ee.ejb.annotations.emitter - 1.1.200.v201004110730
2017-04-25 18:45:30,592 - org.eclipse.jst.j2ee.ejb.annotations.xdoclet - 1.2.200.v201103302126
2017-04-25 18:45:30,592 - org.eclipse.jst.j2ee.xdoclet.runtime - 1.1.300.v201004280609
2017-04-25 18:45:30,593 - org.eclipse.jst.jee.ui - 1.0.701.v201408251535
2017-04-25 18:45:30,593 - org.eclipse.jst.ejb.ui.infopop - 1.0.300.v201002231012
2017-04-25 18:45:30,593 - org.eclipse.jst.ws.jaxrs.core - 1.0.600.v201505131719
2017-04-25 18:45:30,593 - org.eclipse.jst.ws.jaxrs.ui - 1.0.700.v201505131719
2017-04-25 18:45:31,003 - org.apache.xerces - 2.9.0.v201101211617
2017-04-25 18:45:31,525 - org.apache.xml.resolver - 1.2.0.v201005080400
2017-04-25 18:45:31,525 - org.apache.xml.serializer - 2.7.1.v201005080400
2017-04-25 18:45:31,525 - org.eclipse.datatools.enablement.oda.ws - 1.2.6.v201403131825
2017-04-25 18:45:31,525 - org.eclipse.datatools.enablement.oda.xml - 1.2.5.v201403131825
2017-04-25 18:45:31,770 - javax.xml - 1.3.4.v201005080400
2017-04-25 18:45:31,770 - javax.wsdl - 1.6.2.v201012040545
2017-04-25 18:45:31,770 - org.eclipse.datatools.connectivity.oda.flatfile - 3.1.8.v201403010906
2017-04-25 18:45:32,076 - org.eclipse.jst.ws.axis2.core - 1.0.300.v201309242118
2017-04-25 18:45:32,076 - org.eclipse.jst.ws.axis2.ui - 1.0.400.v201309242118
2017-04-25 18:45:32,284 - org.eclipse.jst.ws.axis2.consumption.core - 1.0.200.v201309242118
2017-04-25 18:45:32,284 - org.eclipse.jst.ws.axis2.consumption.ui - 1.0.200.v201309242118
2017-04-25 18:45:32,318 - org.eclipse.jst.ws.axis2.creation.core - 1.0.200.v201309242118
2017-04-25 18:45:32,318 - org.eclipse.jst.ws.axis2.creation.ui - 1.0.200.v201309242118
2017-04-25 18:45:32,318 - org.eclipse.jst.ws.axis2.ui.doc.user - 1.0.200.v201309242118
2017-04-25 18:45:36,073 - org.apache.ant - 1.9.4.v201504302020
2017-04-25 18:45:36,073 - org.eclipse.ant.core - 3.4.0.v20150428-1928
2017-04-25 18:45:36,073 - com.jcraft.jsch - 0.1.53.v201508180515
2017-04-25 18:45:36,470 - org.eclipse.compare.core - 3.5.500.v20150505-1058
2017-04-25 18:45:36,470 - org.eclipse.compare - 3.5.600.v20150420-1449
2017-04-25 18:45:36,470 - org.eclipse.compare.win32 - 1.0.200.v20130514-1224
2017-04-25 18:45:36,470 - org.eclipse.core.filebuffers - 3.5.500.v20140723-1040
2017-04-25 18:45:36,471 - org.eclipse.core.filesystem - 1.5.0.v20150725-1910
2017-04-25 18:45:36,471 - org.eclipse.core.net - 1.2.300.v20141118-1725
2017-04-25 18:45:36,473 - org.eclipse.core.net.win32.x86_64 - 1.0.100.v20140124-2013
2017-04-25 18:45:36,473 - org.eclipse.core.resources - 3.10.1.v20150725-1910
2017-04-25 18:45:36,475 - org.eclipse.core.runtime.compatibility - 3.2.300.v20150423-0821
2017-04-25 18:45:36,575 - org.eclipse.core.runtime.compatibility.registry - 3.6.0.v20150318-1505
2017-04-25 18:45:36,577 - org.eclipse.osgi.util - 3.3.100.v20150423-1351
2017-04-25 18:45:36,577 - org.eclipse.debug.core - 3.10.0.v20150303-1130
2017-04-25 18:45:36,577 - org.eclipse.debug.ui - 3.11.100.v20150731-1137
2017-04-25 18:45:36,666 - org.eclipse.equinox.event - 1.3.100.v20140115-1647
2017-04-25 18:45:36,666 - org.eclipse.ltk.core.refactoring - 3.6.201.v20150819-1034
2017-04-25 18:45:36,667 - org.eclipse.ltk.ui.refactoring - 3.7.200.v20140625-1835
2017-04-25 18:45:36,667 - org.eclipse.platform - 4.5.1.v20150904-0015
2017-04-25 18:45:36,667 - org.eclipse.platform.doc.user - 4.5.1.v20150819-1130
2017-04-25 18:45:36,667 - org.eclipse.search - 3.10.0.v20150318-0856
2017-04-25 18:45:36,667 - org.eclipse.team.core - 3.7.100.v20150203-1452
2017-04-25 18:45:36,667 - org.eclipse.team.ui - 3.7.200.v20150203-1452
2017-04-25 18:45:36,668 - org.eclipse.text - 3.5.400.v20150505-1044
2017-04-25 18:45:36,729 - org.eclipse.jface.text - 3.10.0.v20150603-1752
2017-04-25 18:45:36,729 - org.eclipse.jsch.core - 1.2.0.v20141202-1415
2017-04-25 18:45:36,729 - org.eclipse.jsch.ui - 1.2.0.v20141202-1415
2017-04-25 18:45:36,729 - org.eclipse.ui.console - 3.6.100.v20150822-1912
2017-04-25 18:45:36,729 - org.eclipse.ui.intro - 3.4.300.v20141007-1449
2017-04-25 18:45:36,729 - org.eclipse.ui.intro.universal - 3.2.800.v20150325-0952
2017-04-25 18:45:36,730 - org.eclipse.ui.cheatsheets - 3.4.200.v20131227-1524
2017-04-25 18:45:36,730 - org.eclipse.ui.browser - 3.4.300.v20150429-0602
2017-04-25 18:45:36,730 - org.eclipse.ui.monitoring - 1.0.0.v20150512-1436
2017-04-25 18:45:36,730 - org.eclipse.ui.navigator - 3.6.0.v20150422-0725
2017-04-25 18:45:36,730 - org.eclipse.ui.navigator.resources - 3.5.0.v20150422-0725
2017-04-25 18:45:36,730 - org.eclipse.ui.net - 1.2.200.v20120807-0927
2017-04-25 18:45:36,730 - org.eclipse.ui.workbench.texteditor - 3.9.100.v20141023-1946
2017-04-25 18:45:36,730 - org.eclipse.ui.views - 3.8.0.v20150422-0725
2017-04-25 18:45:36,730 - org.eclipse.ui.editors - 3.9.0.v20150213-1939
2017-04-25 18:45:36,730 - org.eclipse.ui.externaltools - 3.3.0.v20150302-1002
2017-04-25 18:45:36,730 - org.eclipse.ui.ide - 3.11.0.v20150825-2158
2017-04-25 18:45:36,730 - org.eclipse.ui.ide.application - 1.1.0.v20150422-0725
2017-04-25 18:45:36,733 - org.eclipse.ui.win32 - 3.2.500.v20150423-0822
2017-04-25 18:45:36,733 - org.eclipse.core.resources.win32.x86_64 - 3.5.0.v20140124-1940
2017-04-25 18:45:36,736 - org.eclipse.core.filesystem.win32.x86_64 - 1.4.0.v20140124-1940
2017-04-25 18:45:36,737 - org.eclipse.core.variables - 3.2.800.v20130819-1716
2017-04-25 18:45:36,737 - org.eclipse.ui.forms - 3.6.200.v20150506-2029
2017-04-25 18:45:36,737 - org.eclipse.ui.views.properties.tabbed - 3.6.100.v20150423-0822
2017-04-25 18:45:36,737 - org.eclipse.equinox.security - 1.2.100.v20150423-1356
2017-04-25 18:45:36,737 - org.eclipse.equinox.security.ui - 1.1.201.v20150803-1228
2017-04-25 18:45:36,737 - org.eclipse.equinox.security.win32.x86_64 - 1.0.100.v20130327-1442
2017-04-25 18:45:36,737 - org.eclipse.core.externaltools - 1.0.300.v20140219-0051
2017-04-25 18:45:36,737 - org.eclipse.ui.themes - 1.1.0.v20150511-0913
2017-04-25 18:45:36,738 - org.eclipse.core.filesystem.java7 - 1.0.100.v20150423-0754
2017-04-25 18:45:37,463 - org.eclipse.emf.ecore.edit - 2.9.0.v20160208-0841
2017-04-25 18:45:37,464 - org.eclipse.emf.ecore.change.edit - 2.6.0.v20160208-0841
2017-04-25 18:45:37,606 - org.eclipse.sequoyah.vnc.protocol - 2.1.0.N20120718-0509
2017-04-25 18:45:37,757 - org.eclipse.persistence.antlr - 3.2.0.v201302191141
2017-04-25 18:45:37,760 - org.eclipse.persistence.asm - 5.0.1.v201405080102
2017-04-25 18:45:37,764 - org.eclipse.persistence.core - 2.6.0.v20140809-296a69f
2017-04-25 18:45:37,772 - org.eclipse.persistence.jpa - 2.6.0.v20140809-296a69f
2017-04-25 18:45:37,772 - org.eclipse.jpt.jpa.eclipselink.core - 2.4.0.v201309122001
2017-04-25 18:45:37,772 - org.eclipse.jpt.jpa.eclipselink.ui - 2.4.0.v201308271953
2017-04-25 18:45:37,774 - org.eclipse.jpt.jpa.eclipselink.core.ddlgen - 2.2.100.v201309202144
2017-04-25 18:45:37,775 - org.eclipse.jpt.jpa.eclipselink.branding - 3.4.0.v201309202144
2017-04-25 18:45:38,046 - org.eclipse.emf.mapping.ecore - 2.6.0.v20160208-0841
2017-04-25 18:45:38,046 - org.eclipse.emf.mapping.ecore2ecore - 2.9.0.v20160208-0841
2017-04-25 18:45:38,046 - org.eclipse.emf.mapping.ecore2xml - 2.9.0.v20160208-0841
2017-04-25 18:45:38,607 - org.eclipse.datatools.enablement.ingres - 1.0.0.v200906111150
2017-04-25 18:45:38,608 - org.eclipse.datatools.enablement.ingres.dbdefinition - 1.0.0.v200906161800
2017-04-25 18:45:38,608 - org.eclipse.datatools.enablement.ingres.ui - 1.0.0.v201105270214
2017-04-25 18:45:38,608 - org.eclipse.datatools.enablement.finfo - 1.5.1.v200906161800
2017-04-25 18:45:38,948 - org.eclipse.andmore.traceview - 0.5.0.201512151015
2017-04-25 18:45:39,107 - org.eclipse.m2e.logback.configuration - 1.6.2.20150902-0002
2017-04-25 18:45:39,219 - org.eclipse.m2e.logback.appender - 1.6.2.20150902-0002
2017-04-25 18:45:39,358 - org.eclipse.emf.codegen - 2.11.0.v20160208-0841
2017-04-25 18:45:39,592 - org.eclipse.wst.dtd.ui - 1.0.801.v201308100602
2017-04-25 18:45:39,593 - org.eclipse.wst.dtd.ui.infopop - 1.0.400.v201309112106
2017-04-25 18:45:39,593 - org.eclipse.wst.sse.ui.infopop - 1.0.300.v201309112106
2017-04-25 18:45:39,593 - org.eclipse.wst.xml.ui.infopop - 1.0.400.v201309112106
2017-04-25 18:45:39,593 - org.eclipse.wst.sse.ui - 1.3.401.v201510130005
2017-04-25 18:45:39,593 - org.eclipse.wst.xml.ui - 1.1.501.v201501212057
2017-04-25 18:45:39,593 - org.eclipse.wst.xsd.ui - 1.2.510.v201511240257
2017-04-25 18:45:39,868 - org.eclipse.datatools.doc.user - 1.7.0.20090521092446
2017-04-25 18:45:39,868 - org.eclipse.datatools.oda.cshelp - 1.1.2.v201309200751
2017-04-25 18:45:39,868 - org.eclipse.datatools.help - 1.5.0.v200906020553
2017-04-25 18:45:40,145 - org.eclipse.emf - 2.6.0.v20160208-0841
2017-04-25 18:45:40,386 - org.eclipse.epp.package.jee - 4.5.1.20150917-1200
2017-04-25 18:45:40,386 - org.eclipse.wtp.epp.package.jee.intro - 1.3.0.v201006142040
2017-04-25 18:45:40,386 - org.eclipse.wtp.javascript.capabilities - 1.0.100.v201005102000
2017-04-25 18:45:40,386 - org.eclipse.wtp.jee.capabilities - 1.0.100.v201005102000
2017-04-25 18:45:40,387 - org.eclipse.wtp.web.capabilities - 1.0.100.v201005102000
2017-04-25 18:45:40,387 - org.eclipse.wtp.xml.capabilities - 1.0.100.v201005102000
2017-04-25 18:45:40,387 - org.eclipse.wtp.epp.package.capabilities - 1.3.0.v201005102000
2017-04-25 18:45:40,542 - org.eclipse.draw2d - 3.10.1.201508170204
2017-04-25 18:45:40,853 - org.eclipse.andmore.gldebugger - 0.5.0.201512151015
2017-04-25 18:45:41,348 - org.eclipse.epp.mpc.core - 1.4.1.v20150909-1912
2017-04-25 18:45:41,349 - org.eclipse.epp.mpc.ui - 1.4.1.v20150916-1928
2017-04-25 18:45:41,349 - org.eclipse.epp.mpc.help.ui - 1.4.1.v20150902-1927
2017-04-25 18:45:41,349 - org.apache.httpcomponents.httpclient - 4.3.6.v201411290715
2017-04-25 18:45:41,349 - org.apache.httpcomponents.httpcore - 4.3.3.v201411290715
2017-04-25 18:45:41,429 - org.eclipse.dltk.core - 5.4.0.201602110510
2017-04-25 18:45:41,429 - org.eclipse.dltk.ui - 5.4.0.201602110510
2017-04-25 18:45:41,429 - org.eclipse.dltk.debug - 5.4.0.201602110510
2017-04-25 18:45:41,429 - org.eclipse.dltk.debug.ui - 5.4.0.201602110510
2017-04-25 18:45:41,429 - org.eclipse.dltk.launching - 5.4.0.201602110510
2017-04-25 18:45:41,429 - org.eclipse.dltk.console - 5.4.0.201602110510
2017-04-25 18:45:41,430 - org.eclipse.dltk.console.ui - 5.4.0.201602110510
2017-04-25 18:45:41,430 - org.eclipse.dltk.validators.core - 5.4.0.201602110510
2017-04-25 18:45:41,430 - org.eclipse.dltk.validators.ui - 5.4.0.201602110510
2017-04-25 18:45:41,430 - org.eclipse.dltk - 5.4.0.201602110510
2017-04-25 18:45:41,430 - org.eclipse.dltk.testing - 5.4.0.201602110510
2017-04-25 18:45:41,430 - org.eclipse.dltk.validators.externalchecker - 5.4.0.201602110510
2017-04-25 18:45:41,433 - org.eclipse.dltk.formatter - 5.4.0.201602110510
2017-04-25 18:45:41,433 - org.eclipse.dltk.core.manipulation - 5.4.0.201602110510
2017-04-25 18:45:41,433 - org.eclipse.dltk.logconsole - 5.4.0.201602110510
2017-04-25 18:45:41,433 - org.eclipse.dltk.logconsole.ui - 5.4.0.201602110510
2017-04-25 18:45:41,435 - org.eclipse.dltk.annotations - 5.4.0.201602110510
2017-04-25 18:45:42,175 - org.eclipse.dstore.core - 3.4.0.201501311530
2017-04-25 18:45:42,194 - org.eclipse.dstore.extra - 2.1.400.201403100950
2017-04-25 18:45:42,194 - org.eclipse.rse.connectorservice.dstore - 3.1.301.201403100950
2017-04-25 18:45:42,194 - org.eclipse.rse.services.dstore - 3.3.0.201406041609
2017-04-25 18:45:42,194 - org.eclipse.rse.subsystems.files.dstore - 2.1.300.201403100950
2017-04-25 18:45:42,194 - org.eclipse.rse.subsystems.processes.dstore - 2.1.400.201403100950
2017-04-25 18:45:42,194 - org.eclipse.rse.subsystems.shells.dstore - 2.1.400.201403100950
2017-04-25 18:45:42,195 - org.eclipse.rse.dstore.security - 3.0.400.201403100950
2017-04-25 18:45:42,828 - org.eclipse.cdt.gdb - 7.0.0.201509131935
2017-04-25 18:45:42,828 - org.eclipse.cdt.gdb.ui - 7.0.0.201509131935
2017-04-25 18:45:43,166 - org.eclipse.dltk.mylyn - 5.4.0.201602110510
2017-04-25 18:45:43,663 - org.eclipse.pde - 3.11.1.v20150904-0015
2017-04-25 18:45:43,663 - org.eclipse.pde.build - 3.9.100.v20150521-1524
2017-04-25 18:45:43,663 - org.eclipse.pde.core - 3.10.101.v20150722-0954
2017-04-25 18:45:43,663 - org.eclipse.pde.junit.runtime - 3.4.500.v20150423-1241
2017-04-25 18:45:43,664 - org.eclipse.pde.runtime - 3.4.500.v20150423-1241
2017-04-25 18:45:43,664 - org.eclipse.pde.ui - 3.8.201.v20150902-0924
2017-04-25 18:45:43,664 - org.eclipse.pde.doc.user - 3.11.1.v20150903-1352
2017-04-25 18:45:43,664 - org.eclipse.pde.ui.templates - 3.5.0.v20150818-1511
2017-04-25 18:45:43,665 - org.eclipse.ui.views.log - 1.0.600.v20150513-1840
2017-04-25 18:45:43,665 - org.objectweb.asm - 5.0.1.v201404251740
2017-04-25 18:45:43,746 - org.objectweb.asm.tree - 5.0.1.v201404251740
2017-04-25 18:45:43,746 - org.eclipse.pde.api.tools - 1.0.701.v20150831-1041
2017-04-25 18:45:43,747 - org.eclipse.pde.api.tools.annotations - 1.0.0.v20140602-1527
2017-04-25 18:45:43,747 - org.eclipse.pde.api.tools.ui - 1.0.600.v20150831-0659
2017-04-25 18:45:43,748 - org.eclipse.pde.ds.core - 1.0.400.v20150423-1241
2017-04-25 18:45:43,748 - org.eclipse.pde.ds.ui - 1.0.400.v20150506-1709
2017-04-25 18:45:43,748 - org.eclipse.pde.launching - 3.6.300.v20150423-1241
2017-04-25 18:45:43,748 - org.eclipse.pde.ua.core - 1.0.400.v20150220-1252
2017-04-25 18:45:43,748 - org.eclipse.pde.ua.ui - 1.0.400.v20150513-1136
2017-04-25 18:45:43,748 - org.eclipse.ui.trace - 1.0.300.v20150220-1252
2017-04-25 18:45:44,042 - net.sourceforge.lpg.lpgjavaruntime - 1.1.0.v201004271650
2017-04-25 18:45:44,042 - org.eclipse.datatools.sqltools.parsers.sql.lexer - 1.0.1.v201107221520
2017-04-25 18:45:44,042 - org.eclipse.datatools.sqltools.parsers.sql.query - 1.2.1.v201201250511
2017-04-25 18:45:44,042 - org.eclipse.datatools.sqltools.parsers.sql.xml.query - 1.0.0.v201107221520
2017-04-25 18:45:44,043 - org.eclipse.datatools.sqltools.parsers.sql - 1.0.2.v201107221520
2017-04-25 18:45:44,269 - org.eclipse.mylyn.java.ui - 3.18.0.v20151013-1847
2017-04-25 18:45:44,269 - org.eclipse.mylyn.java.tasks - 3.18.0.v20151013-1847
2017-04-25 18:45:44,269 - org.eclipse.mylyn.ide.ui - 3.18.0.v20151013-1847
2017-04-25 18:45:44,269 - org.eclipse.mylyn.ide.ant - 3.18.0.v20151013-1847
2017-04-25 18:45:44,269 - org.eclipse.mylyn.debug.ui - 3.18.0.v20151013-1847
2017-04-25 18:45:44,571 - org.eclipse.m2e.wtp.jaxrs - 1.2.1.20150819-2220
2017-04-25 18:45:44,790 - org.eclipse.datatools.sqltools.sql - 1.0.1.v201110050515
2017-04-25 18:45:44,790 - org.eclipse.datatools.sqltools.common.ui - 1.0.1.v201212120623
2017-04-25 18:45:44,790 - org.eclipse.datatools.sqltools.plan - 1.0.0.v201107221520
2017-04-25 18:45:44,790 - org.eclipse.datatools.sqltools.editor.core - 1.0.3.v201212120623
2017-04-25 18:45:44,790 - org.eclipse.datatools.sqltools.sqleditor - 1.0.4.v201212120623
2017-04-25 18:45:44,790 - org.eclipse.datatools.sqltools.ddlgen.ui - 1.0.3.v201211200616
2017-04-25 18:45:44,790 - org.eclipse.datatools.connectivity.db.generic - 1.0.1.v201107221459
2017-04-25 18:45:44,790 - org.eclipse.datatools.sqltools.editor.core.ui - 1.0.0.v201001150815
2017-04-25 18:45:44,790 - org.eclipse.datatools.sqltools.sql.ui - 1.0.1.v201201270735
2017-04-25 18:45:45,284 - org.eclipse.mylyn.commons.repositories.core - 1.10.0.v20151009-1724
2017-04-25 18:45:45,284 - org.eclipse.mylyn.commons.repositories.ui - 1.10.0.v20151116-1930
2017-04-25 18:45:45,660 - org.eclipse.andmore.android.common - 0.5.0.201512151015
2017-04-25 18:45:45,660 - org.eclipse.andmore.android.codeutils - 0.5.0.201512151015
2017-04-25 18:45:45,660 - org.eclipse.andmore.android.translation - 0.5.0.201512151015
2017-04-25 18:45:45,660 - org.eclipse.andmore.android.codesnippets - 0.5.0.201512151015
2017-04-25 18:45:45,660 - org.eclipse.andmore.android.db.core - 0.5.0.201512151015
2017-04-25 18:45:45,660 - org.eclipse.andmore.android.certmanager - 0.5.0.201512151015
2017-04-25 18:45:45,660 - org.eclipse.andmore.android.logger - 0.5.0.201512151015
2017-04-25 18:45:45,660 - org.eclipse.andmore.android - 0.5.0.201512151015
2017-04-25 18:45:45,660 - org.eclipse.andmore.android.emulator - 0.5.0.201512151015
2017-04-25 18:45:45,660 - org.eclipse.andmore.android.launch - 0.5.0.201512151015
2017-04-25 18:45:45,660 - org.eclipse.andmore.android.packaging.ui - 0.5.0.201512151015
2017-04-25 18:45:45,660 - org.eclipse.andmore.android.handset - 0.5.0.201512151015
2017-04-25 18:45:45,660 - org.eclipse.andmore.android.remote - 0.5.0.201512151015
2017-04-25 18:45:45,660 - org.eclipse.andmore.android.win32.x86_64 - 0.5.0.201512151015
2017-04-25 18:45:45,660 - org.eclipse.andmore.android.mat - 0.5.0.201512151015
2017-04-25 18:45:45,660 - org.eclipse.andmore.android.devices.services - 0.5.0.201512151015
2017-04-25 18:45:45,661 - org.eclipse.andmore.android.db.devices - 0.5.0.201512151015
2017-04-25 18:45:45,661 - org.eclipse.andmore.android.installer - 0.5.0.201512151015
2017-04-25 18:45:45,661 - org.eclipse.andmore.android.logger.collector - 0.5.0.201512151015
2017-04-25 18:45:45,964 - org.apache.commons.net - 3.2.0.v201305141515
2017-04-25 18:45:45,964 - org.eclipse.rse.services.files.ftp - 3.0.500.201403100950
2017-04-25 18:45:45,964 - org.eclipse.rse.subsystems.files.ftp - 2.2.0.201403100950
2017-04-25 18:45:46,249 - org.eclipse.rse.useractions - 1.1.500.201403100950
2017-04-25 18:45:46,785 - org.eclipse.mylyn.monitor.core - 3.18.0.v20151009-1724
2017-04-25 18:45:46,785 - org.eclipse.mylyn.monitor.ui - 3.18.0.v20151009-1724
2017-04-25 18:45:47,098 - org.eclipse.tm.terminal.control - 4.0.0.201505221029
2017-04-25 18:45:47,507 - org.eclipse.sequoyah.vnc.vncviewer - 2.1.0.N20120718-0509
2017-04-25 18:45:47,982 - org.eclipse.emf.codegen.ecore.ui - 2.11.1.v20160208-0841
2017-04-25 18:45:48,341 - org.eclipse.emf.ecore.editor - 2.11.0.v20160208-0841
2017-04-25 18:45:48,555 - org.sonatype.m2e.mavenarchiver - 0.17.0.201502101659-signed-20150525172209
2017-04-25 18:45:48,839 - org.eclipse.mylyn.context.core - 3.18.0.v20151013-1847
2017-04-25 18:45:48,840 - org.eclipse.mylyn.context.ui - 3.18.0.v20151014-2324
2017-04-25 18:45:48,840 - org.eclipse.mylyn.resources.ui - 3.18.0.v20151013-1847
2017-04-25 18:45:48,840 - org.eclipse.mylyn.context.tasks.ui - 3.18.0.v20151013-1847
2017-04-25 18:45:49,071 - org.eclipse.datatools.enablement.oracle.dbdefinition - 1.0.103.v201206010214
2017-04-25 18:45:49,071 - org.eclipse.datatools.enablement.oracle - 1.0.0.v201107221506
2017-04-25 18:45:49,071 - org.eclipse.datatools.enablement.oracle.ui - 1.0.3.v201201131121
2017-04-25 18:45:49,071 - org.eclipse.datatools.enablement.finfo - 1.5.1.v200906161800
2017-04-25 18:45:49,458 - org.eclipse.emf.databinding - 1.3.0.v20160208-0841
2017-04-25 18:45:49,910 - org.eclipse.datatools.enablement.sap.maxdb.dbdefinition - 1.0.0.v201107221507
2017-04-25 18:45:49,910 - org.eclipse.datatools.enablement.sap.maxdb - 1.0.0.v201107221507
2017-04-25 18:45:49,910 - org.eclipse.datatools.enablement.sap.maxdb.ui - 1.0.0.v201107221507
2017-04-25 18:45:49,910 - org.eclipse.datatools.enablement.finfo - 1.5.1.v200906161800
2017-04-25 18:45:50,188 - java_cup.runtime - 0.10.0.v201005080400
2017-04-25 18:45:50,188 - org.apache.xerces - 2.9.0.v201101211617
2017-04-25 18:45:50,189 - org.eclipse.wst.xml.xpath2.processor - 2.1.101.v201409111854
2017-04-25 18:45:50,191 - org.eclipse.wst.xml.xpath2.wtptypes - 2.0.0.v201208081543
2017-04-25 18:45:50,191 - org.eclipse.wst.xml.xpath2 - 1.1.0.v201309251557
2017-04-25 18:45:50,191 - org.eclipse.wst.xml.xpath2.processor.doc.user - 2.0.0.v201209212251
2017-04-25 18:45:50,652 - org.eclipse.oomph.setup - 1.3.0.v20151219-1433
2017-04-25 18:45:50,653 - org.eclipse.oomph.setup.edit - 1.3.0.v20150923-1022
2017-04-25 18:45:50,653 - org.eclipse.oomph.setup.core - 1.3.0.v20151219-1325
2017-04-25 18:45:50,653 - org.eclipse.oomph.setup.sync - 1.3.0.v20151212-0853
2017-04-25 18:45:50,653 - org.eclipse.oomph.setup.p2 - 1.3.0.v20151221-1559
2017-04-25 18:45:50,653 - org.eclipse.oomph.setup.p2.edit - 1.3.0.v20150923-1022
2017-04-25 18:45:50,653 - org.eclipse.oomph.preferences - 1.3.0.v20151122-0821
2017-04-25 18:45:50,693 - org.eclipse.oomph.jreinfo - 1.3.0.v20150923-0945
2017-04-25 18:45:50,693 - org.eclipse.oomph.jreinfo.win32.x86_64 - 1.1.100.v20150923-0945
2017-04-25 18:45:50,695 - org.eclipse.oomph.extractor.lib - 1.1.0.v20150923-0945
2017-04-25 18:45:50,695 - org.apache.commons.logging - 1.1.1.v201101211721
2017-04-25 18:45:50,695 - org.apache.commons.codec - 1.6.0.v201305230611
2017-04-25 18:45:50,695 - org.apache.httpcomponents.httpclient - 4.3.6.v201411290715
2017-04-25 18:45:50,695 - org.apache.httpcomponents.httpcore - 4.3.3.v201411290715
2017-04-25 18:45:50,695 - org.eclipse.userstorage - 1.0.0.v20151212-0935
2017-04-25 18:45:50,695 - org.eclipse.userstorage.ui - 1.0.0.v20151216-0912
